{
  "0 debug pnpm:scope": {
    "selected": 27,
    "total": 27,
    "workspacePrefix": "D:\\code\\my\\react\\study-antd-all"
  },
  "1 debug pnpm:package-manifest": {
    "initial": {
      "name": "@study/style",
      "version": "1.0.0",
      "module": "esm/index.js",
      "main": "cjs/index.js",
      "scripts": {
        "compile": "lessc ./src/index.less color.css",
        "build": "gulp build"
      }
    },
    "prefix": "D:\\code\\my\\react\\study-antd-all\\packages\\style"
  },
  "2 debug pnpm:package-manifest": {
    "initial": {
      "name": "@study/util",
      "version": "1.0.0",
      "module": "esm/index.js",
      "main": "cjs/index.js",
      "typings": "lib/index.d.ts",
      "scripts": {
        "build": "node ./scripts/build"
      },
      "dependencies": {
        "rc-util": "^5.21.4"
      },
      "devDependencies": {
        "@types/node": "^17.0.36",
        "@types/react": "^18.0.9",
        "@types/react-dom": "^18.0.5",
        "react": "^18.1.0"
      },
      "peerDependencies": {
        "react": "^18.1.0"
      }
    },
    "prefix": "D:\\code\\my\\react\\study-antd-all\\packages\\util"
  },
  "3 debug pnpm:package-manifest": {
    "initial": {
      "name": "@study/avatar",
      "main": "cjs/index.js",
      "module": "esm/index.js",
      "typings": "lib/index.d.ts",
      "scripts": {
        "build": "gulp"
      },
      "devDependencies": {
        "react": "^18.1.0"
      },
      "peerDependencies": {
        "react": "^18.1.0"
      },
      "dependencies": {
        "@study/style": "^1.0.0",
        "@study/util": "^1.0.0",
        "antd": "^4.21.0",
        "classname": "^0.0.0",
        "tslib": "^2.4.0"
      }
    },
    "prefix": "D:\\code\\my\\react\\study-antd-all\\packages\\avatar"
  },
  "4 debug pnpm:package-manifest": {
    "initial": {
      "name": "@study/breadcrumb",
      "main": "cjs/index.js",
      "module": "esm/index.js",
      "typings": "lib/index.d.ts",
      "scripts": {
        "build": "gulp"
      },
      "devDependencies": {
        "react": "^18.1.0"
      },
      "peerDependencies": {
        "react": "^18.1.0"
      },
      "dependencies": {
        "@study/style": "^1.0.0",
        "@study/util": "^1.0.0",
        "classname": "^0.0.0",
        "tslib": "^2.4.0"
      }
    },
    "prefix": "D:\\code\\my\\react\\study-antd-all\\packages\\breadcrumb"
  },
  "5 debug pnpm:package-manifest": {
    "initial": {
      "name": "@study/button",
      "main": "cjs/index.js",
      "module": "esm/index.js",
      "typings": "lib/index.d.ts",
      "scripts": {
        "build": "gulp",
        "test": "rollup -c ./rollup.config.js",
        "dts": "node ./scripts/generateDTS",
        "buildLess": "gulp"
      },
      "devDependencies": {
        "react": "^18.1.0"
      },
      "peerDependencies": {
        "react": "^18.1.0"
      },
      "dependencies": {
        "@ant-design/icons": "^4.7.0",
        "@study/style": "^1.0.0",
        "@study/util": "^1.0.0",
        "classname": "^0.0.0",
        "rc-motion": "^2.6.0",
        "tslib": "^2.4.0"
      }
    },
    "prefix": "D:\\code\\my\\react\\study-antd-all\\packages\\button"
  },
  "6 debug pnpm:package-manifest": {
    "initial": {
      "name": "@study/carousel",
      "main": "cjs/index.js",
      "module": "esm/index.js",
      "typings": "lib/index.d.ts",
      "scripts": {
        "build": "gulp"
      },
      "devDependencies": {
        "react": "^18.1.0"
      },
      "peerDependencies": {
        "react": "^18.1.0"
      },
      "dependencies": {
        "@study/style": "^1.0.0",
        "@study/util": "^1.0.0",
        "classname": "^0.0.0",
        "tslib": "^2.4.0"
      }
    },
    "prefix": "D:\\code\\my\\react\\study-antd-all\\packages\\carousel"
  },
  "7 debug pnpm:package-manifest": {
    "initial": {
      "name": "@study/descriptions",
      "main": "cjs/index.js",
      "module": "esm/index.js",
      "typings": "lib/index.d.ts",
      "scripts": {
        "build": "gulp"
      },
      "devDependencies": {
        "eslint": "^8.16.0",
        "eslint-config-ali": "^14.0.0",
        "eslint-import-resolver-typescript": "^2.7.1",
        "eslint-plugin-import": "^2.25.3",
        "react": "^18.1.0"
      },
      "peerDependencies": {
        "react": "^18.1.0"
      },
      "dependencies": {
        "@study/style": "^1.0.0",
        "@study/util": "^1.0.0",
        "classname": "^0.0.0",
        "tslib": "^2.4.0"
      }
    },
    "prefix": "D:\\code\\my\\react\\study-antd-all\\packages\\descriptions"
  },
  "8 debug pnpm:package-manifest": {
    "initial": {
      "name": "@study/dropdown",
      "main": "cjs/index.js",
      "module": "esm/index.js",
      "typings": "lib/index.d.ts",
      "scripts": {
        "build": "gulp"
      },
      "devDependencies": {
        "react": "^18.1.0"
      },
      "peerDependencies": {
        "react": "^18.1.0"
      },
      "dependencies": {
        "@study/style": "^1.0.0",
        "@study/util": "^1.0.0",
        "classname": "^0.0.0",
        "tslib": "^2.4.0",
        "rc-tooltip": "^5.1.1",
        "rc-dropdown": "~4.0.0",
        "rc-menu": "9.6.0"
      }
    },
    "prefix": "D:\\code\\my\\react\\study-antd-all\\packages\\dropdown"
  },
  "9 debug pnpm:package-manifest": {
    "initial": {
      "name": "@study/empty",
      "main": "cjs/index.js",
      "module": "esm/index.js",
      "typings": "lib/index.d.ts",
      "scripts": {
        "build": "gulp"
      },
      "devDependencies": {
        "react": "^18.1.0"
      },
      "peerDependencies": {
        "react": "^18.1.0"
      },
      "dependencies": {
        "@study/style": "^1.0.0",
        "@study/util": "^1.0.0",
        "classname": "^0.0.0",
        "tslib": "^2.4.0"
      }
    },
    "prefix": "D:\\code\\my\\react\\study-antd-all\\packages\\empty"
  },
  "10 debug pnpm:package-manifest": {
    "initial": {
      "name": "@study/form",
      "main": "cjs/index.js",
      "module": "esm/index.js",
      "typings": "lib/index.d.ts",
      "scripts": {
        "build": "gulp"
      },
      "devDependencies": {
        "react": "^18.1.0"
      },
      "peerDependencies": {
        "react": "^18.1.0"
      },
      "dependencies": {
        "@study/style": "^1.0.0",
        "@study/util": "^1.0.0",
        "classname": "^0.0.0",
        "tslib": "^2.4.0",
        "rc-field-form": "^1.27.0"
      }
    },
    "prefix": "D:\\code\\my\\react\\study-antd-all\\packages\\form"
  },
  "11 debug pnpm:package-manifest": {
    "initial": {
      "name": "@study/icon",
      "main": "cjs/index.js",
      "module": "esm/index.js",
      "typings": "lib/index.d.ts",
      "scripts": {
        "build": "gulp"
      },
      "devDependencies": {
        "react": "^18.1.0"
      },
      "peerDependencies": {
        "react": "^18.1.0"
      },
      "dependencies": {
        "@ant-design/colors": "^6.0.0",
        "@ant-design/icons-svg": "^4.2.1",
        "@study/style": "^1.0.0",
        "@study/util": "^1.0.0",
        "classname": "^0.0.0",
        "styled-components": "^5.3.5",
        "tslib": "^2.4.0"
      }
    },
    "prefix": "D:\\code\\my\\react\\study-antd-all\\packages\\icon"
  },
  "12 debug pnpm:package-manifest": {
    "initial": {
      "name": "@study/input",
      "main": "cjs/index.js",
      "module": "esm/index.js",
      "typings": "lib/index.d.ts",
      "scripts": {
        "build": "gulp"
      },
      "devDependencies": {
        "react": "^18.1.0"
      },
      "peerDependencies": {
        "react": "^18.1.0"
      },
      "dependencies": {
        "@study/style": "^1.0.0",
        "@study/util": "^1.0.0",
        "classname": "^0.0.0",
        "classnames": "^2.3.1",
        "tslib": "^2.4.0"
      }
    },
    "prefix": "D:\\code\\my\\react\\study-antd-all\\packages\\input"
  },
  "13 debug pnpm:package-manifest": {
    "initial": {
      "name": "@study/list",
      "main": "cjs/index.js",
      "module": "esm/index.js",
      "typings": "lib/index.d.ts",
      "scripts": {
        "build": "gulp"
      },
      "devDependencies": {
        "react": "^18.1.0"
      },
      "peerDependencies": {
        "react": "^18.1.0"
      },
      "dependencies": {
        "@study/style": "^1.0.0",
        "@study/util": "^1.0.0",
        "classname": "^0.0.0",
        "rc-animate": "^3.1.1",
        "rc-resize-observer": "^1.2.0",
        "rc-util": "^5.21.4",
        "tslib": "^2.4.0"
      }
    },
    "prefix": "D:\\code\\my\\react\\study-antd-all\\packages\\list"
  },
  "14 debug pnpm:package-manifest": {
    "initial": {
      "name": "@study/mentions",
      "main": "cjs/index.js",
      "module": "esm/index.js",
      "typings": "lib/index.d.ts",
      "scripts": {
        "build": "gulp"
      },
      "devDependencies": {
        "react": "^18.1.0"
      },
      "peerDependencies": {
        "react": "^18.1.0"
      },
      "dependencies": {
        "@study/style": "^1.0.0",
        "@study/util": "^1.0.0",
        "classname": "^0.0.0",
        "rc-mentions": "^1.8.0",
        "rc-select": "^14.1.5",
        "tslib": "^2.4.0"
      }
    },
    "prefix": "D:\\code\\my\\react\\study-antd-all\\packages\\mentions"
  },
  "15 debug pnpm:package-manifest": {
    "initial": {
      "name": "@study/menu",
      "main": "cjs/index.js",
      "module": "esm/index.js",
      "typings": "lib/index.d.ts",
      "scripts": {
        "build": "gulp"
      },
      "devDependencies": {
        "react": "^18.1.0"
      },
      "peerDependencies": {
        "react": "^18.1.0"
      },
      "dependencies": {
        "@study/style": "^1.0.0",
        "@study/util": "^1.0.0",
        "classname": "^0.0.0",
        "tslib": "^2.4.0"
      }
    },
    "prefix": "D:\\code\\my\\react\\study-antd-all\\packages\\menu"
  },
  "16 debug pnpm:package-manifest": {
    "initial": {
      "name": "@study/message",
      "main": "cjs/index.js",
      "module": "esm/index.js",
      "typings": "lib/index.d.ts",
      "scripts": {
        "build": "gulp"
      },
      "devDependencies": {
        "react": "^18.1.0"
      },
      "peerDependencies": {
        "react": "^18.1.0"
      },
      "dependencies": {
        "@study/style": "^1.0.0",
        "@study/util": "^1.0.0",
        "classname": "^0.0.0",
        "rc-motion": "^2.6.0",
        "react-dom": "^18.1.0",
        "tslib": "^2.4.0"
      }
    },
    "prefix": "D:\\code\\my\\react\\study-antd-all\\packages\\message"
  },
  "17 debug pnpm:package-manifest": {
    "initial": {
      "name": "@study/notifiaction",
      "main": "cjs/index.js",
      "module": "esm/index.js",
      "typings": "lib/index.d.ts",
      "scripts": {
        "build": "gulp"
      },
      "devDependencies": {
        "classnames": "^2.3.1",
        "react": "^18.1.0"
      },
      "peerDependencies": {
        "react": "^18.1.0"
      },
      "dependencies": {
        "@study/style": "^1.0.0",
        "@study/util": "^1.0.0",
        "classname": "^0.0.0",
        "rc-motion": "^2.6.0",
        "tslib": "^2.4.0"
      }
    },
    "prefix": "D:\\code\\my\\react\\study-antd-all\\packages\\notifiaction"
  },
  "18 debug pnpm:package-manifest": {
    "initial": {
      "name": "@study/popconfirm",
      "main": "cjs/index.js",
      "module": "esm/index.js",
      "typings": "lib/index.d.ts",
      "scripts": {
        "build": "gulp"
      },
      "devDependencies": {
        "react": "^18.1.0"
      },
      "peerDependencies": {
        "react": "^18.1.0"
      },
      "dependencies": {
        "@study/style": "^1.0.0",
        "@study/util": "^1.0.0",
        "classname": "^0.0.0",
        "tslib": "^2.4.0"
      }
    },
    "prefix": "D:\\code\\my\\react\\study-antd-all\\packages\\popconfirm"
  },
  "19 debug pnpm:package-manifest": {
    "initial": {
      "name": "@study/skeleton",
      "main": "cjs/index.js",
      "module": "esm/index.js",
      "typings": "lib/index.d.ts",
      "scripts": {
        "build": "gulp"
      },
      "devDependencies": {
        "react": "^18.1.0"
      },
      "peerDependencies": {
        "react": "^18.1.0"
      },
      "dependencies": {
        "@study/style": "^1.0.0",
        "@study/util": "^1.0.0",
        "classname": "^0.0.0",
        "tslib": "^2.4.0"
      }
    },
    "prefix": "D:\\code\\my\\react\\study-antd-all\\packages\\skeleton"
  },
  "20 debug pnpm:package-manifest": {
    "initial": {
      "name": "@study/spin",
      "main": "cjs/index.js",
      "module": "esm/index.js",
      "typings": "lib/index.d.ts",
      "scripts": {
        "build": "gulp",
        "lint:script": "eslint . --ext .js,.jsx,.ts,.tsx",
        "lint-fix:script": "eslint . --ext .js,.jsx,.ts,.tsx",
        "lint:style": "stylelint 'packages/**/*.less'",
        "prettier": "prettier -c --write **/*"
      },
      "devDependencies": {
        "react": "^18.1.0"
      },
      "peerDependencies": {
        "react": "^18.1.0",
        "lodash": "^4.17.21"
      },
      "dependencies": {
        "@study/style": "^1.0.0",
        "@study/util": "^1.0.0",
        "classname": "^0.0.0",
        "tslib": "^2.4.0"
      }
    },
    "prefix": "D:\\code\\my\\react\\study-antd-all\\packages\\spin"
  },
  "21 debug pnpm:package-manifest": {
    "initial": {
      "name": "@study/switch",
      "main": "cjs/index.js",
      "module": "esm/index.js",
      "typings": "lib/index.d.ts",
      "scripts": {
        "build": "gulp"
      },
      "devDependencies": {
        "react": "^18.1.0"
      },
      "peerDependencies": {
        "react": "^18.1.0"
      },
      "dependencies": {
        "@study/style": "^1.0.0",
        "@study/util": "^1.0.0",
        "@types/react": "^18.0.9",
        "classname": "^0.0.0",
        "tslib": "^2.4.0"
      }
    },
    "prefix": "D:\\code\\my\\react\\study-antd-all\\packages\\switch"
  },
  "22 debug pnpm:package-manifest": {
    "initial": {
      "name": "@study/table",
      "main": "cjs/index.js",
      "module": "esm/index.js",
      "typings": "lib/index.d.ts",
      "scripts": {
        "build": "gulp"
      },
      "devDependencies": {
        "react": "^18.1.0"
      },
      "peerDependencies": {
        "react": "^18.1.0"
      },
      "dependencies": {
        "@study/style": "^1.0.0",
        "@study/util": "^1.0.0",
        "classname": "^0.0.0",
        "rc-animate": "^3.1.1",
        "rc-dropdown": "^4.0.1",
        "rc-menu": "^9.6.0",
        "rc-table": "^7.24.2",
        "rc-tooltip": "^5.1.1",
        "react-resizable": "^3.0.4",
        "tslib": "^2.4.0"
      }
    },
    "prefix": "D:\\code\\my\\react\\study-antd-all\\packages\\table"
  },
  "23 debug pnpm:package-manifest": {
    "initial": {
      "name": "@study/tabs",
      "main": "cjs/index.js",
      "module": "esm/index.js",
      "typings": "lib/index.d.ts",
      "scripts": {
        "build": "gulp"
      },
      "devDependencies": {
        "react": "^18.1.0"
      },
      "peerDependencies": {
        "react": "^18.1.0"
      },
      "dependencies": {
        "@study/style": "^1.0.0",
        "@study/util": "^1.0.0",
        "classname": "^0.0.0",
        "tslib": "^2.4.0",
        "rc-tabs": "^11.16.0",
        "react-dom": "^18.1.0"
      }
    },
    "prefix": "D:\\code\\my\\react\\study-antd-all\\packages\\tabs"
  },
  "24 debug pnpm:package-manifest": {
    "initial": {
      "name": "@study/transfer",
      "main": "cjs/index.js",
      "module": "esm/index.js",
      "typings": "lib/index.d.ts",
      "scripts": {
        "build": "gulp"
      },
      "devDependencies": {
        "react": "^18.1.0"
      },
      "peerDependencies": {
        "react": "^18.1.0"
      },
      "dependencies": {
        "@study/style": "^1.0.0",
        "@study/util": "^1.0.0",
        "classname": "^0.0.0",
        "classnames": "^2.3.1",
        "tslib": "^2.4.0"
      }
    },
    "prefix": "D:\\code\\my\\react\\study-antd-all\\packages\\transfer"
  },
  "25 debug pnpm:package-manifest": {
    "initial": {
      "name": "@study/tree-select",
      "main": "cjs/index.js",
      "module": "esm/index.js",
      "typings": "lib/index.d.ts",
      "scripts": {
        "build": "gulp"
      },
      "devDependencies": {
        "react": "^18.1.0"
      },
      "peerDependencies": {
        "react": "^18.1.0"
      },
      "dependencies": {
        "@study/style": "^1.0.0",
        "@study/util": "^1.0.0",
        "classname": "^0.0.0",
        "rc-motion": "^2.6.0",
        "rc-tree-select": "^5.4.0",
        "rc-select": "^14.1.5",
        "tslib": "^2.4.0"
      }
    },
    "prefix": "D:\\code\\my\\react\\study-antd-all\\packages\\tree-select"
  },
  "26 debug pnpm:package-manifest": {
    "initial": {
      "name": "@study/typography",
      "main": "cjs/index.js",
      "module": "esm/index.js",
      "typings": "lib/index.d.ts",
      "scripts": {
        "build": "gulp"
      },
      "devDependencies": {
        "react": "^18.1.0"
      },
      "peerDependencies": {
        "react": "^18.1.0"
      },
      "dependencies": {
        "@study/style": "^1.0.0",
        "@study/util": "^1.0.0",
        "classname": "^0.0.0",
        "copy-to-clipboard": "^3.3.1",
        "rc-resize-observer": "^1.2.0",
        "rc-textarea": "^0.3.7",
        "tslib": "^2.4.0"
      }
    },
    "prefix": "D:\\code\\my\\react\\study-antd-all\\packages\\typography"
  },
  "27 debug pnpm:package-manifest": {
    "initial": {
      "name": "study-antd",
      "version": "1.0.0",
      "description": "antd组件库MVP",
      "main": "index.js",
      "scripts": {
        "create:ts": "plop --plopfile ./scripts/plopfile-ts.js",
        "create:js": "plop --plopfile ./scripts/plopfile-js.js",
        "storybook": "start-storybook -p 6006",
        "build-storybook": "build-storybook",
        "lint:script": "eslint . --ext .js,.jsx,.ts,.tsx",
        "lint:style": "stylelint 'packages/**/*.less'",
        "prettier": "prettier -c --write **/*",
        "start": "pnpm run storybook"
      },
      "keywords": [],
      "author": "",
      "license": "ISC",
      "devDependencies": {
        "@babel/core": "^7.18.0",
        "@babel/plugin-transform-runtime": "^7.18.0",
        "@babel/preset-env": "^7.18.0",
        "@babel/preset-react": "^7.17.12",
        "@rollup/plugin-babel": "^5.3.1",
        "@rollup/plugin-commonjs": "^22.0.0",
        "@rollup/plugin-node-resolve": "^13.3.0",
        "@storybook/addon-actions": "^6.5.3",
        "@storybook/addon-essentials": "^6.5.3",
        "@storybook/addon-interactions": "^6.5.3",
        "@storybook/addon-links": "^6.5.3",
        "@storybook/builder-webpack4": "^6.5.3",
        "@storybook/builder-webpack5": "^6.5.5",
        "@storybook/manager-webpack4": "^6.5.3",
        "@storybook/manager-webpack5": "^6.5.5",
        "@storybook/react": "^6.5.3",
        "@storybook/testing-library": "^0.0.11",
        "@types/node": "^17.0.36",
        "@types/react": "^18.0.9",
        "@types/react-is": "^17.0.3",
        "@typescript-eslint/eslint-plugin": "^5.26.0",
        "@typescript-eslint/parser": "^5.26.0",
        "add": "^2.0.6",
        "antd": "^4.20.6",
        "autoprefixer": "^10.4.7",
        "babel-loader": "^8.2.5",
        "classnames": "^2.3.1",
        "css-loader": "^6.7.1",
        "eslint": "^8.16.0",
        "eslint-config-airbnb": "^19.0.4",
        "eslint-config-prettier": "^8.5.0",
        "eslint-plugin-babel": "^5.3.1",
        "eslint-plugin-import": "^2.25.3",
        "eslint-plugin-jsx-a11y": "^6.5.1",
        "eslint-plugin-markdown": "^2.2.1",
        "eslint-plugin-react": "^7.28.0",
        "eslint-plugin-react-hooks": "^4.3.0",
        "eslint-plugin-unicorn": "^42.0.0",
        "fs-extra": "^10.1.0",
        "gulp": "^4.0.2",
        "gulp-babel": "^8.0.0",
        "gulp-less": "^5.0.0",
        "gulp-replace": "^1.1.3",
        "gulp-typescript": "^6.0.0-alpha.1",
        "less": "^4.1.2",
        "less-loader": "^11.0.0",
        "plop": "^3.1.0",
        "postcss": "^8.4.14",
        "postcss-flexbugs-fixes": "^5.0.2",
        "prettier": "^2.6.2",
        "react": "^18.1.0",
        "react-dom": "^18.1.0",
        "rollup": "^2.74.1",
        "rollup-plugin-typescript2": "^0.31.2",
        "style-loader": "^3.3.1",
        "stylelint": "^14.8.5",
        "stylelint-config-prettier": "^9.0.3",
        "stylelint-config-rational-order": "^0.1.2",
        "stylelint-config-standard": "^25.0.0",
        "through2": "^4.0.2",
        "tsconfig-paths-webpack-plugin": "^3.5.2",
        "tslib": "^2.4.0",
        "typescript": "^4.6.4",
        "yargs": "^17.5.1"
      },
      "dependencies": {
        "@ant-design/icons": "^4.7.0",
        "@babel/runtime": "^7.18.0",
        "@babel/runtime-corejs3": "^7.18.0",
        "chalk": "4",
        "child-process-promise": "^2.2.1",
        "lodash": "^4.17.21",
        "rc-util": "^5.21.4",
        "react-is": "^18.2.0",
        "stylelint-declaration-block-no-ignored-properties": "^2.5.0"
      }
    },
    "prefix": "D:\\code\\my\\react\\study-antd-all"
  },
  "28 debug pnpm:context": {
    "currentLockfileExists": false,
    "storeDir": "D:\\.pnpm-store\\v3",
    "virtualStoreDir": "D:\\code\\my\\react\\study-antd-all\\node_modules\\.pnpm"
  },
  "29 debug pnpm:stage": {
    "prefix": "D:\\code\\my\\react\\study-antd-all",
    "stage": "resolution_started"
  },
  "30 debug pnpm:_dependency_resolved": {
    "resolution": "registry.npmmirror.com/@types/node/17.0.42",
    "wanted": {
      "dependentId": "packages/util",
      "name": "@types/node",
      "rawSpec": "^17.0.36"
    }
  },
  "31 debug pnpm:_dependency_resolved": {
    "resolution": "registry.npmmirror.com/@types/react/18.0.12",
    "wanted": {
      "dependentId": "packages/util",
      "name": "@types/react",
      "rawSpec": "^18.0.9"
    }
  },
  "32 debug pnpm:_dependency_resolved": {
    "resolution": "registry.npmmirror.com/@types/react-dom/18.0.5",
    "wanted": {
      "dependentId": "packages/util",
      "name": "@types/react-dom",
      "rawSpec": "^18.0.5"
    }
  },
  "33 debug pnpm:_dependency_resolved": {
    "resolution": "registry.npmmirror.com/react/18.1.0",
    "wanted": {
      "dependentId": "packages/util",
      "name": "react",
      "rawSpec": "^18.1.0"
    }
  },
  "34 debug pnpm:_dependency_resolved": {
    "resolution": "registry.npmmirror.com/rc-util/5.21.5",
    "wanted": {
      "dependentId": "packages/util",
      "name": "rc-util",
      "rawSpec": "^5.21.4"
    }
  },
  "35 debug pnpm:_dependency_resolved": {
    "resolution": "registry.npmmirror.com/react/18.1.0",
    "wanted": {
      "dependentId": "packages/avatar",
      "name": "react",
      "rawSpec": "^18.1.0"
    }
  },
  "36 debug pnpm:_dependency_resolved": {
    "resolution": "registry.npmmirror.com/antd/4.21.2",
    "wanted": {
      "dependentId": "packages/avatar",
      "name": "antd",
      "rawSpec": "^4.21.0"
    }
  },
  "37 debug pnpm:_dependency_resolved": {
    "resolution": "registry.npmmirror.com/classname/0.0.0",
    "wanted": {
      "dependentId": "packages/avatar",
      "name": "classname",
      "rawSpec": "^0.0.0"
    }
  },
  "38 debug pnpm:_dependency_resolved": {
    "resolution": "registry.npmmirror.com/tslib/2.4.0",
    "wanted": {
      "dependentId": "packages/avatar",
      "name": "tslib",
      "rawSpec": "^2.4.0"
    }
  },
  "39 debug pnpm:_dependency_resolved": {
    "resolution": "registry.npmmirror.com/react/18.1.0",
    "wanted": {
      "dependentId": "packages/button",
      "name": "react",
      "rawSpec": "^18.1.0"
    }
  },
  "40 debug pnpm:_dependency_resolved": {
    "resolution": "registry.npmmirror.com/@ant-design/icons/4.7.0",
    "wanted": {
      "dependentId": "packages/button",
      "name": "@ant-design/icons",
      "rawSpec": "^4.7.0"
    }
  },
  "41 debug pnpm:_dependency_resolved": {
    "resolution": "registry.npmmirror.com/classname/0.0.0",
    "wanted": {
      "dependentId": "packages/button",
      "name": "classname",
      "rawSpec": "^0.0.0"
    }
  },
  "42 debug pnpm:_dependency_resolved": {
    "resolution": "registry.npmmirror.com/rc-motion/2.6.0",
    "wanted": {
      "dependentId": "packages/button",
      "name": "rc-motion",
      "rawSpec": "^2.6.0"
    }
  },
  "43 debug pnpm:_dependency_resolved": {
    "resolution": "registry.npmmirror.com/tslib/2.4.0",
    "wanted": {
      "dependentId": "packages/button",
      "name": "tslib",
      "rawSpec": "^2.4.0"
    }
  },
  "44 debug pnpm:_dependency_resolved": {
    "resolution": "registry.npmmirror.com/react/18.1.0",
    "wanted": {
      "dependentId": "packages/carousel",
      "name": "react",
      "rawSpec": "^18.1.0"
    }
  },
  "45 debug pnpm:_dependency_resolved": {
    "resolution": "registry.npmmirror.com/classname/0.0.0",
    "wanted": {
      "dependentId": "packages/carousel",
      "name": "classname",
      "rawSpec": "^0.0.0"
    }
  },
  "46 debug pnpm:_dependency_resolved": {
    "resolution": "registry.npmmirror.com/tslib/2.4.0",
    "wanted": {
      "dependentId": "packages/carousel",
      "name": "tslib",
      "rawSpec": "^2.4.0"
    }
  },
  "47 debug pnpm:_dependency_resolved": {
    "resolution": "registry.npmmirror.com/react/18.1.0",
    "wanted": {
      "dependentId": "packages/dropdown",
      "name": "react",
      "rawSpec": "^18.1.0"
    }
  },
  "48 debug pnpm:_dependency_resolved": {
    "resolution": "registry.npmmirror.com/classname/0.0.0",
    "wanted": {
      "dependentId": "packages/dropdown",
      "name": "classname",
      "rawSpec": "^0.0.0"
    }
  },
  "49 debug pnpm:_dependency_resolved": {
    "resolution": "registry.npmmirror.com/tslib/2.4.0",
    "wanted": {
      "dependentId": "packages/dropdown",
      "name": "tslib",
      "rawSpec": "^2.4.0"
    }
  },
  "50 debug pnpm:_dependency_resolved": {
    "resolution": "registry.npmmirror.com/rc-tooltip/5.1.1",
    "wanted": {
      "dependentId": "packages/dropdown",
      "name": "rc-tooltip",
      "rawSpec": "^5.1.1"
    }
  },
  "51 debug pnpm:_dependency_resolved": {
    "resolution": "registry.npmmirror.com/rc-dropdown/4.0.1",
    "wanted": {
      "dependentId": "packages/dropdown",
      "name": "rc-dropdown",
      "rawSpec": "~4.0.0"
    }
  },
  "52 debug pnpm:_dependency_resolved": {
    "resolution": "registry.npmmirror.com/rc-menu/9.6.0",
    "wanted": {
      "dependentId": "packages/dropdown",
      "name": "rc-menu",
      "rawSpec": "9.6.0"
    }
  },
  "53 debug pnpm:_dependency_resolved": {
    "resolution": "registry.npmmirror.com/react/18.1.0",
    "wanted": {
      "dependentId": "packages/empty",
      "name": "react",
      "rawSpec": "^18.1.0"
    }
  },
  "54 debug pnpm:_dependency_resolved": {
    "resolution": "registry.npmmirror.com/classname/0.0.0",
    "wanted": {
      "dependentId": "packages/empty",
      "name": "classname",
      "rawSpec": "^0.0.0"
    }
  },
  "55 debug pnpm:_dependency_resolved": {
    "resolution": "registry.npmmirror.com/tslib/2.4.0",
    "wanted": {
      "dependentId": "packages/empty",
      "name": "tslib",
      "rawSpec": "^2.4.0"
    }
  },
  "56 debug pnpm:_dependency_resolved": {
    "resolution": "registry.npmmirror.com/react/18.1.0",
    "wanted": {
      "dependentId": "packages/icon",
      "name": "react",
      "rawSpec": "^18.1.0"
    }
  },
  "57 debug pnpm:_dependency_resolved": {
    "resolution": "registry.npmmirror.com/@ant-design/colors/6.0.0",
    "wanted": {
      "dependentId": "packages/icon",
      "name": "@ant-design/colors",
      "rawSpec": "^6.0.0"
    }
  },
  "58 debug pnpm:_dependency_resolved": {
    "resolution": "registry.npmmirror.com/@ant-design/icons-svg/4.2.1",
    "wanted": {
      "dependentId": "packages/icon",
      "name": "@ant-design/icons-svg",
      "rawSpec": "^4.2.1"
    }
  },
  "59 debug pnpm:_dependency_resolved": {
    "resolution": "registry.npmmirror.com/classname/0.0.0",
    "wanted": {
      "dependentId": "packages/icon",
      "name": "classname",
      "rawSpec": "^0.0.0"
    }
  },
  "60 debug pnpm:_dependency_resolved": {
    "resolution": "registry.npmmirror.com/styled-components/5.3.5",
    "wanted": {
      "dependentId": "packages/icon",
      "name": "styled-components",
      "rawSpec": "^5.3.5"
    }
  },
  "61 debug pnpm:_dependency_resolved": {
    "resolution": "registry.npmmirror.com/tslib/2.4.0",
    "wanted": {
      "dependentId": "packages/icon",
      "name": "tslib",
      "rawSpec": "^2.4.0"
    }
  },
  "62 debug pnpm:_dependency_resolved": {
    "resolution": "registry.npmmirror.com/react/18.1.0",
    "wanted": {
      "dependentId": "packages/input",
      "name": "react",
      "rawSpec": "^18.1.0"
    }
  },
  "63 debug pnpm:_dependency_resolved": {
    "resolution": "registry.npmmirror.com/classname/0.0.0",
    "wanted": {
      "dependentId": "packages/input",
      "name": "classname",
      "rawSpec": "^0.0.0"
    }
  },
  "64 debug pnpm:_dependency_resolved": {
    "resolution": "registry.npmmirror.com/classnames/2.3.1",
    "wanted": {
      "dependentId": "packages/input",
      "name": "classnames",
      "rawSpec": "^2.3.1"
    }
  },
  "65 debug pnpm:_dependency_resolved": {
    "resolution": "registry.npmmirror.com/tslib/2.4.0",
    "wanted": {
      "dependentId": "packages/input",
      "name": "tslib",
      "rawSpec": "^2.4.0"
    }
  },
  "66 debug pnpm:_dependency_resolved": {
    "resolution": "registry.npmmirror.com/react/18.1.0",
    "wanted": {
      "dependentId": "packages/list",
      "name": "react",
      "rawSpec": "^18.1.0"
    }
  },
  "67 debug pnpm:_dependency_resolved": {
    "resolution": "registry.npmmirror.com/classname/0.0.0",
    "wanted": {
      "dependentId": "packages/list",
      "name": "classname",
      "rawSpec": "^0.0.0"
    }
  },
  "68 debug pnpm:_dependency_resolved": {
    "resolution": "registry.npmmirror.com/rc-animate/3.1.1",
    "wanted": {
      "dependentId": "packages/list",
      "name": "rc-animate",
      "rawSpec": "^3.1.1"
    }
  },
  "69 debug pnpm:_dependency_resolved": {
    "resolution": "registry.npmmirror.com/rc-resize-observer/1.2.0",
    "wanted": {
      "dependentId": "packages/list",
      "name": "rc-resize-observer",
      "rawSpec": "^1.2.0"
    }
  },
  "70 debug pnpm:_dependency_resolved": {
    "resolution": "registry.npmmirror.com/rc-util/5.21.5",
    "wanted": {
      "dependentId": "packages/list",
      "name": "rc-util",
      "rawSpec": "^5.21.4"
    }
  },
  "71 debug pnpm:_dependency_resolved": {
    "resolution": "registry.npmmirror.com/tslib/2.4.0",
    "wanted": {
      "dependentId": "packages/list",
      "name": "tslib",
      "rawSpec": "^2.4.0"
    }
  },
  "72 debug pnpm:_dependency_resolved": {
    "resolution": "registry.npmmirror.com/react/18.1.0",
    "wanted": {
      "dependentId": "packages/mentions",
      "name": "react",
      "rawSpec": "^18.1.0"
    }
  },
  "73 debug pnpm:_dependency_resolved": {
    "resolution": "registry.npmmirror.com/classname/0.0.0",
    "wanted": {
      "dependentId": "packages/mentions",
      "name": "classname",
      "rawSpec": "^0.0.0"
    }
  },
  "74 debug pnpm:_dependency_resolved": {
    "resolution": "registry.npmmirror.com/rc-mentions/1.8.0",
    "wanted": {
      "dependentId": "packages/mentions",
      "name": "rc-mentions",
      "rawSpec": "^1.8.0"
    }
  },
  "75 debug pnpm:_dependency_resolved": {
    "resolution": "registry.npmmirror.com/rc-select/14.1.6",
    "wanted": {
      "dependentId": "packages/mentions",
      "name": "rc-select",
      "rawSpec": "^14.1.5"
    }
  },
  "76 debug pnpm:_dependency_resolved": {
    "resolution": "registry.npmmirror.com/tslib/2.4.0",
    "wanted": {
      "dependentId": "packages/mentions",
      "name": "tslib",
      "rawSpec": "^2.4.0"
    }
  },
  "77 debug pnpm:_dependency_resolved": {
    "resolution": "registry.npmmirror.com/react/18.1.0",
    "wanted": {
      "dependentId": "packages/menu",
      "name": "react",
      "rawSpec": "^18.1.0"
    }
  },
  "78 debug pnpm:_dependency_resolved": {
    "resolution": "registry.npmmirror.com/classname/0.0.0",
    "wanted": {
      "dependentId": "packages/menu",
      "name": "classname",
      "rawSpec": "^0.0.0"
    }
  },
  "79 debug pnpm:_dependency_resolved": {
    "resolution": "registry.npmmirror.com/tslib/2.4.0",
    "wanted": {
      "dependentId": "packages/menu",
      "name": "tslib",
      "rawSpec": "^2.4.0"
    }
  },
  "80 debug pnpm:_dependency_resolved": {
    "resolution": "registry.npmmirror.com/react/18.1.0",
    "wanted": {
      "dependentId": "packages/message",
      "name": "react",
      "rawSpec": "^18.1.0"
    }
  },
  "81 debug pnpm:_dependency_resolved": {
    "resolution": "registry.npmmirror.com/classname/0.0.0",
    "wanted": {
      "dependentId": "packages/message",
      "name": "classname",
      "rawSpec": "^0.0.0"
    }
  },
  "82 debug pnpm:_dependency_resolved": {
    "resolution": "registry.npmmirror.com/rc-motion/2.6.0",
    "wanted": {
      "dependentId": "packages/message",
      "name": "rc-motion",
      "rawSpec": "^2.6.0"
    }
  },
  "83 debug pnpm:_dependency_resolved": {
    "resolution": "registry.npmmirror.com/react-dom/18.1.0",
    "wanted": {
      "dependentId": "packages/message",
      "name": "react-dom",
      "rawSpec": "^18.1.0"
    }
  },
  "84 debug pnpm:_dependency_resolved": {
    "resolution": "registry.npmmirror.com/tslib/2.4.0",
    "wanted": {
      "dependentId": "packages/message",
      "name": "tslib",
      "rawSpec": "^2.4.0"
    }
  },
  "85 debug pnpm:_dependency_resolved": {
    "resolution": "registry.npmmirror.com/classnames/2.3.1",
    "wanted": {
      "dependentId": "packages/notifiaction",
      "name": "classnames",
      "rawSpec": "^2.3.1"
    }
  },
  "86 debug pnpm:_dependency_resolved": {
    "resolution": "registry.npmmirror.com/react/18.1.0",
    "wanted": {
      "dependentId": "packages/notifiaction",
      "name": "react",
      "rawSpec": "^18.1.0"
    }
  },
  "87 debug pnpm:_dependency_resolved": {
    "resolution": "registry.npmmirror.com/classname/0.0.0",
    "wanted": {
      "dependentId": "packages/notifiaction",
      "name": "classname",
      "rawSpec": "^0.0.0"
    }
  },
  "88 debug pnpm:_dependency_resolved": {
    "resolution": "registry.npmmirror.com/rc-motion/2.6.0",
    "wanted": {
      "dependentId": "packages/notifiaction",
      "name": "rc-motion",
      "rawSpec": "^2.6.0"
    }
  },
  "89 debug pnpm:_dependency_resolved": {
    "resolution": "registry.npmmirror.com/tslib/2.4.0",
    "wanted": {
      "dependentId": "packages/notifiaction",
      "name": "tslib",
      "rawSpec": "^2.4.0"
    }
  },
  "90 debug pnpm:_dependency_resolved": {
    "resolution": "registry.npmmirror.com/react/18.1.0",
    "wanted": {
      "dependentId": "packages/popconfirm",
      "name": "react",
      "rawSpec": "^18.1.0"
    }
  },
  "91 debug pnpm:_dependency_resolved": {
    "resolution": "registry.npmmirror.com/classname/0.0.0",
    "wanted": {
      "dependentId": "packages/popconfirm",
      "name": "classname",
      "rawSpec": "^0.0.0"
    }
  },
  "92 debug pnpm:_dependency_resolved": {
    "resolution": "registry.npmmirror.com/tslib/2.4.0",
    "wanted": {
      "dependentId": "packages/popconfirm",
      "name": "tslib",
      "rawSpec": "^2.4.0"
    }
  },
  "93 debug pnpm:_dependency_resolved": {
    "resolution": "registry.npmmirror.com/react/18.1.0",
    "wanted": {
      "dependentId": "packages/skeleton",
      "name": "react",
      "rawSpec": "^18.1.0"
    }
  },
  "94 debug pnpm:_dependency_resolved": {
    "resolution": "registry.npmmirror.com/classname/0.0.0",
    "wanted": {
      "dependentId": "packages/skeleton",
      "name": "classname",
      "rawSpec": "^0.0.0"
    }
  },
  "95 debug pnpm:_dependency_resolved": {
    "resolution": "registry.npmmirror.com/tslib/2.4.0",
    "wanted": {
      "dependentId": "packages/skeleton",
      "name": "tslib",
      "rawSpec": "^2.4.0"
    }
  },
  "96 debug pnpm:_dependency_resolved": {
    "resolution": "registry.npmmirror.com/react/18.1.0",
    "wanted": {
      "dependentId": "packages/spin",
      "name": "react",
      "rawSpec": "^18.1.0"
    }
  },
  "97 debug pnpm:_dependency_resolved": {
    "resolution": "registry.npmmirror.com/classname/0.0.0",
    "wanted": {
      "dependentId": "packages/spin",
      "name": "classname",
      "rawSpec": "^0.0.0"
    }
  },
  "98 debug pnpm:_dependency_resolved": {
    "resolution": "registry.npmmirror.com/tslib/2.4.0",
    "wanted": {
      "dependentId": "packages/spin",
      "name": "tslib",
      "rawSpec": "^2.4.0"
    }
  },
  "99 debug pnpm:_dependency_resolved": {
    "resolution": "registry.npmmirror.com/react/18.1.0",
    "wanted": {
      "dependentId": "packages/switch",
      "name": "react",
      "rawSpec": "^18.1.0"
    }
  },
  "100 debug pnpm:_dependency_resolved": {
    "resolution": "registry.npmmirror.com/@types/react/18.0.12",
    "wanted": {
      "dependentId": "packages/switch",
      "name": "@types/react",
      "rawSpec": "^18.0.9"
    }
  },
  "101 debug pnpm:_dependency_resolved": {
    "resolution": "registry.npmmirror.com/classname/0.0.0",
    "wanted": {
      "dependentId": "packages/switch",
      "name": "classname",
      "rawSpec": "^0.0.0"
    }
  },
  "102 debug pnpm:_dependency_resolved": {
    "resolution": "registry.npmmirror.com/tslib/2.4.0",
    "wanted": {
      "dependentId": "packages/switch",
      "name": "tslib",
      "rawSpec": "^2.4.0"
    }
  },
  "103 debug pnpm:_dependency_resolved": {
    "resolution": "registry.npmmirror.com/react/18.1.0",
    "wanted": {
      "dependentId": "packages/table",
      "name": "react",
      "rawSpec": "^18.1.0"
    }
  },
  "104 debug pnpm:_dependency_resolved": {
    "resolution": "registry.npmmirror.com/classname/0.0.0",
    "wanted": {
      "dependentId": "packages/table",
      "name": "classname",
      "rawSpec": "^0.0.0"
    }
  },
  "105 debug pnpm:_dependency_resolved": {
    "resolution": "registry.npmmirror.com/rc-animate/3.1.1",
    "wanted": {
      "dependentId": "packages/table",
      "name": "rc-animate",
      "rawSpec": "^3.1.1"
    }
  },
  "106 debug pnpm:_dependency_resolved": {
    "resolution": "registry.npmmirror.com/rc-dropdown/4.0.1",
    "wanted": {
      "dependentId": "packages/table",
      "name": "rc-dropdown",
      "rawSpec": "^4.0.1"
    }
  },
  "107 debug pnpm:_dependency_resolved": {
    "resolution": "registry.npmmirror.com/rc-menu/9.6.0",
    "wanted": {
      "dependentId": "packages/table",
      "name": "rc-menu",
      "rawSpec": "^9.6.0"
    }
  },
  "108 debug pnpm:_dependency_resolved": {
    "resolution": "registry.npmmirror.com/rc-table/7.24.2",
    "wanted": {
      "dependentId": "packages/table",
      "name": "rc-table",
      "rawSpec": "^7.24.2"
    }
  },
  "109 debug pnpm:_dependency_resolved": {
    "resolution": "registry.npmmirror.com/rc-tooltip/5.1.1",
    "wanted": {
      "dependentId": "packages/table",
      "name": "rc-tooltip",
      "rawSpec": "^5.1.1"
    }
  },
  "110 debug pnpm:_dependency_resolved": {
    "resolution": "registry.npmmirror.com/react-resizable/3.0.4",
    "wanted": {
      "dependentId": "packages/table",
      "name": "react-resizable",
      "rawSpec": "^3.0.4"
    }
  },
  "111 debug pnpm:_dependency_resolved": {
    "resolution": "registry.npmmirror.com/tslib/2.4.0",
    "wanted": {
      "dependentId": "packages/table",
      "name": "tslib",
      "rawSpec": "^2.4.0"
    }
  },
  "112 debug pnpm:_dependency_resolved": {
    "resolution": "registry.npmmirror.com/react/18.1.0",
    "wanted": {
      "dependentId": "packages/tabs",
      "name": "react",
      "rawSpec": "^18.1.0"
    }
  },
  "113 debug pnpm:_dependency_resolved": {
    "resolution": "registry.npmmirror.com/classname/0.0.0",
    "wanted": {
      "dependentId": "packages/tabs",
      "name": "classname",
      "rawSpec": "^0.0.0"
    }
  },
  "114 debug pnpm:_dependency_resolved": {
    "resolution": "registry.npmmirror.com/tslib/2.4.0",
    "wanted": {
      "dependentId": "packages/tabs",
      "name": "tslib",
      "rawSpec": "^2.4.0"
    }
  },
  "115 debug pnpm:_dependency_resolved": {
    "resolution": "registry.npmmirror.com/rc-tabs/11.16.0",
    "wanted": {
      "dependentId": "packages/tabs",
      "name": "rc-tabs",
      "rawSpec": "^11.16.0"
    }
  },
  "116 debug pnpm:_dependency_resolved": {
    "resolution": "registry.npmmirror.com/react-dom/18.1.0",
    "wanted": {
      "dependentId": "packages/tabs",
      "name": "react-dom",
      "rawSpec": "^18.1.0"
    }
  },
  "117 debug pnpm:_dependency_resolved": {
    "resolution": "registry.npmmirror.com/react/18.1.0",
    "wanted": {
      "dependentId": "packages/transfer",
      "name": "react",
      "rawSpec": "^18.1.0"
    }
  },
  "118 debug pnpm:_dependency_resolved": {
    "resolution": "registry.npmmirror.com/classname/0.0.0",
    "wanted": {
      "dependentId": "packages/transfer",
      "name": "classname",
      "rawSpec": "^0.0.0"
    }
  },
  "119 debug pnpm:_dependency_resolved": {
    "resolution": "registry.npmmirror.com/classnames/2.3.1",
    "wanted": {
      "dependentId": "packages/transfer",
      "name": "classnames",
      "rawSpec": "^2.3.1"
    }
  },
  "120 debug pnpm:_dependency_resolved": {
    "resolution": "registry.npmmirror.com/tslib/2.4.0",
    "wanted": {
      "dependentId": "packages/transfer",
      "name": "tslib",
      "rawSpec": "^2.4.0"
    }
  },
  "121 debug pnpm:_dependency_resolved": {
    "resolution": "registry.npmmirror.com/react/18.1.0",
    "wanted": {
      "dependentId": "packages/tree-select",
      "name": "react",
      "rawSpec": "^18.1.0"
    }
  },
  "122 debug pnpm:_dependency_resolved": {
    "resolution": "registry.npmmirror.com/classname/0.0.0",
    "wanted": {
      "dependentId": "packages/tree-select",
      "name": "classname",
      "rawSpec": "^0.0.0"
    }
  },
  "123 debug pnpm:_dependency_resolved": {
    "resolution": "registry.npmmirror.com/rc-motion/2.6.0",
    "wanted": {
      "dependentId": "packages/tree-select",
      "name": "rc-motion",
      "rawSpec": "^2.6.0"
    }
  },
  "124 debug pnpm:_dependency_resolved": {
    "resolution": "registry.npmmirror.com/rc-tree-select/5.4.0",
    "wanted": {
      "dependentId": "packages/tree-select",
      "name": "rc-tree-select",
      "rawSpec": "^5.4.0"
    }
  },
  "125 debug pnpm:_dependency_resolved": {
    "resolution": "registry.npmmirror.com/rc-select/14.1.6",
    "wanted": {
      "dependentId": "packages/tree-select",
      "name": "rc-select",
      "rawSpec": "^14.1.5"
    }
  },
  "126 debug pnpm:_dependency_resolved": {
    "resolution": "registry.npmmirror.com/tslib/2.4.0",
    "wanted": {
      "dependentId": "packages/tree-select",
      "name": "tslib",
      "rawSpec": "^2.4.0"
    }
  },
  "127 debug pnpm:_dependency_resolved": {
    "resolution": "registry.npmmirror.com/react/18.1.0",
    "wanted": {
      "dependentId": "packages/typography",
      "name": "react",
      "rawSpec": "^18.1.0"
    }
  },
  "128 debug pnpm:_dependency_resolved": {
    "resolution": "registry.npmmirror.com/classname/0.0.0",
    "wanted": {
      "dependentId": "packages/typography",
      "name": "classname",
      "rawSpec": "^0.0.0"
    }
  },
  "129 debug pnpm:_dependency_resolved": {
    "resolution": "registry.npmmirror.com/copy-to-clipboard/3.3.1",
    "wanted": {
      "dependentId": "packages/typography",
      "name": "copy-to-clipboard",
      "rawSpec": "^3.3.1"
    }
  },
  "130 debug pnpm:_dependency_resolved": {
    "resolution": "registry.npmmirror.com/rc-resize-observer/1.2.0",
    "wanted": {
      "dependentId": "packages/typography",
      "name": "rc-resize-observer",
      "rawSpec": "^1.2.0"
    }
  },
  "131 debug pnpm:_dependency_resolved": {
    "resolution": "registry.npmmirror.com/rc-textarea/0.3.7",
    "wanted": {
      "dependentId": "packages/typography",
      "name": "rc-textarea",
      "rawSpec": "^0.3.7"
    }
  },
  "132 debug pnpm:_dependency_resolved": {
    "resolution": "registry.npmmirror.com/tslib/2.4.0",
    "wanted": {
      "dependentId": "packages/typography",
      "name": "tslib",
      "rawSpec": "^2.4.0"
    }
  },
  "133 debug pnpm:_dependency_resolved": {
    "resolution": "registry.npmmirror.com/@babel/core/7.18.5",
    "wanted": {
      "dependentId": ".",
      "name": "@babel/core",
      "rawSpec": "^7.18.0"
    }
  },
  "134 debug pnpm:_dependency_resolved": {
    "resolution": "registry.npmmirror.com/@babel/plugin-transform-runtime/7.18.5",
    "wanted": {
      "dependentId": ".",
      "name": "@babel/plugin-transform-runtime",
      "rawSpec": "^7.18.0"
    }
  },
  "135 debug pnpm:_dependency_resolved": {
    "resolution": "registry.npmmirror.com/@babel/preset-env/7.18.2",
    "wanted": {
      "dependentId": ".",
      "name": "@babel/preset-env",
      "rawSpec": "^7.18.0"
    }
  },
  "136 debug pnpm:_dependency_resolved": {
    "resolution": "registry.npmmirror.com/@babel/preset-react/7.17.12",
    "wanted": {
      "dependentId": ".",
      "name": "@babel/preset-react",
      "rawSpec": "^7.17.12"
    }
  },
  "137 debug pnpm:_dependency_resolved": {
    "resolution": "registry.npmmirror.com/@rollup/plugin-babel/5.3.1",
    "wanted": {
      "dependentId": ".",
      "name": "@rollup/plugin-babel",
      "rawSpec": "^5.3.1"
    }
  },
  "138 debug pnpm:_dependency_resolved": {
    "resolution": "registry.npmmirror.com/@rollup/plugin-commonjs/22.0.0",
    "wanted": {
      "dependentId": ".",
      "name": "@rollup/plugin-commonjs",
      "rawSpec": "^22.0.0"
    }
  },
  "139 debug pnpm:_dependency_resolved": {
    "resolution": "registry.npmmirror.com/@rollup/plugin-node-resolve/13.3.0",
    "wanted": {
      "dependentId": ".",
      "name": "@rollup/plugin-node-resolve",
      "rawSpec": "^13.3.0"
    }
  },
  "140 debug pnpm:_dependency_resolved": {
    "resolution": "registry.npmmirror.com/@storybook/addon-actions/6.5.5",
    "wanted": {
      "dependentId": ".",
      "name": "@storybook/addon-actions",
      "rawSpec": "^6.5.3"
    }
  },
  "141 debug pnpm:_dependency_resolved": {
    "resolution": "registry.npmmirror.com/@storybook/addon-essentials/6.5.5",
    "wanted": {
      "dependentId": ".",
      "name": "@storybook/addon-essentials",
      "rawSpec": "^6.5.3"
    }
  },
  "142 debug pnpm:_dependency_resolved": {
    "resolution": "registry.npmmirror.com/@storybook/addon-interactions/6.5.5",
    "wanted": {
      "dependentId": ".",
      "name": "@storybook/addon-interactions",
      "rawSpec": "^6.5.3"
    }
  },
  "143 debug pnpm:_dependency_resolved": {
    "resolution": "registry.npmmirror.com/@storybook/addon-links/6.5.5",
    "wanted": {
      "dependentId": ".",
      "name": "@storybook/addon-links",
      "rawSpec": "^6.5.3"
    }
  },
  "144 debug pnpm:_dependency_resolved": {
    "resolution": "registry.npmmirror.com/@storybook/builder-webpack4/6.5.5",
    "wanted": {
      "dependentId": ".",
      "name": "@storybook/builder-webpack4",
      "rawSpec": "^6.5.3"
    }
  },
  "145 debug pnpm:_dependency_resolved": {
    "resolution": "registry.npmmirror.com/@storybook/builder-webpack5/6.5.5",
    "wanted": {
      "dependentId": ".",
      "name": "@storybook/builder-webpack5",
      "rawSpec": "^6.5.5"
    }
  },
  "146 debug pnpm:_dependency_resolved": {
    "resolution": "registry.npmmirror.com/@storybook/manager-webpack4/6.5.5",
    "wanted": {
      "dependentId": ".",
      "name": "@storybook/manager-webpack4",
      "rawSpec": "^6.5.3"
    }
  },
  "147 debug pnpm:_dependency_resolved": {
    "resolution": "registry.npmmirror.com/@storybook/manager-webpack5/6.5.5",
    "wanted": {
      "dependentId": ".",
      "name": "@storybook/manager-webpack5",
      "rawSpec": "^6.5.5"
    }
  },
  "148 debug pnpm:_dependency_resolved": {
    "resolution": "registry.npmmirror.com/@storybook/react/6.5.5",
    "wanted": {
      "dependentId": ".",
      "name": "@storybook/react",
      "rawSpec": "^6.5.3"
    }
  },
  "149 debug pnpm:_dependency_resolved": {
    "resolution": "registry.npmmirror.com/@storybook/testing-library/0.0.11",
    "wanted": {
      "dependentId": ".",
      "name": "@storybook/testing-library",
      "rawSpec": "^0.0.11"
    }
  },
  "150 debug pnpm:_dependency_resolved": {
    "resolution": "registry.npmmirror.com/@types/node/17.0.42",
    "wanted": {
      "dependentId": ".",
      "name": "@types/node",
      "rawSpec": "^17.0.36"
    }
  },
  "151 debug pnpm:_dependency_resolved": {
    "resolution": "registry.npmmirror.com/@types/react/18.0.12",
    "wanted": {
      "dependentId": ".",
      "name": "@types/react",
      "rawSpec": "^18.0.9"
    }
  },
  "152 debug pnpm:_dependency_resolved": {
    "resolution": "registry.npmmirror.com/@typescript-eslint/eslint-plugin/5.26.0",
    "wanted": {
      "dependentId": ".",
      "name": "@typescript-eslint/eslint-plugin",
      "rawSpec": "^5.26.0"
    }
  },
  "153 debug pnpm:_dependency_resolved": {
    "resolution": "registry.npmmirror.com/@typescript-eslint/parser/5.26.0",
    "wanted": {
      "dependentId": ".",
      "name": "@typescript-eslint/parser",
      "rawSpec": "^5.26.0"
    }
  },
  "154 debug pnpm:_dependency_resolved": {
    "resolution": "registry.npmmirror.com/add/2.0.6",
    "wanted": {
      "dependentId": ".",
      "name": "add",
      "rawSpec": "^2.0.6"
    }
  },
  "155 debug pnpm:_dependency_resolved": {
    "resolution": "registry.npmmirror.com/antd/4.20.6",
    "wanted": {
      "dependentId": ".",
      "name": "antd",
      "rawSpec": "^4.20.6"
    }
  },
  "156 debug pnpm:_dependency_resolved": {
    "resolution": "registry.npmmirror.com/autoprefixer/10.4.7",
    "wanted": {
      "dependentId": ".",
      "name": "autoprefixer",
      "rawSpec": "^10.4.7"
    }
  },
  "157 debug pnpm:_dependency_resolved": {
    "resolution": "registry.npmmirror.com/babel-loader/8.2.5",
    "wanted": {
      "dependentId": ".",
      "name": "babel-loader",
      "rawSpec": "^8.2.5"
    }
  },
  "158 debug pnpm:_dependency_resolved": {
    "resolution": "registry.npmmirror.com/classnames/2.3.1",
    "wanted": {
      "dependentId": ".",
      "name": "classnames",
      "rawSpec": "^2.3.1"
    }
  },
  "159 debug pnpm:_dependency_resolved": {
    "resolution": "registry.npmmirror.com/css-loader/6.7.1",
    "wanted": {
      "dependentId": ".",
      "name": "css-loader",
      "rawSpec": "^6.7.1"
    }
  },
  "160 debug pnpm:_dependency_resolved": {
    "resolution": "registry.npmmirror.com/eslint/8.17.0",
    "wanted": {
      "dependentId": ".",
      "name": "eslint",
      "rawSpec": "^8.16.0"
    }
  },
  "161 debug pnpm:_dependency_resolved": {
    "resolution": "registry.npmmirror.com/eslint-config-airbnb/19.0.4",
    "wanted": {
      "dependentId": ".",
      "name": "eslint-config-airbnb",
      "rawSpec": "^19.0.4"
    }
  },
  "162 debug pnpm:_dependency_resolved": {
    "resolution": "registry.npmmirror.com/eslint-config-prettier/8.5.0",
    "wanted": {
      "dependentId": ".",
      "name": "eslint-config-prettier",
      "rawSpec": "^8.5.0"
    }
  },
  "163 debug pnpm:_dependency_resolved": {
    "resolution": "registry.npmmirror.com/eslint-plugin-babel/5.3.1",
    "wanted": {
      "dependentId": ".",
      "name": "eslint-plugin-babel",
      "rawSpec": "^5.3.1"
    }
  },
  "164 debug pnpm:_dependency_resolved": {
    "resolution": "registry.npmmirror.com/eslint-plugin-import/2.26.0",
    "wanted": {
      "dependentId": ".",
      "name": "eslint-plugin-import",
      "rawSpec": "^2.25.3"
    }
  },
  "165 debug pnpm:_dependency_resolved": {
    "resolution": "registry.npmmirror.com/eslint-plugin-jsx-a11y/6.5.1",
    "wanted": {
      "dependentId": ".",
      "name": "eslint-plugin-jsx-a11y",
      "rawSpec": "^6.5.1"
    }
  },
  "166 debug pnpm:_dependency_resolved": {
    "resolution": "registry.npmmirror.com/eslint-plugin-markdown/2.2.1",
    "wanted": {
      "dependentId": ".",
      "name": "eslint-plugin-markdown",
      "rawSpec": "^2.2.1"
    }
  },
  "167 debug pnpm:_dependency_resolved": {
    "resolution": "registry.npmmirror.com/eslint-plugin-react/7.30.0",
    "wanted": {
      "dependentId": ".",
      "name": "eslint-plugin-react",
      "rawSpec": "^7.28.0"
    }
  },
  "168 debug pnpm:_dependency_resolved": {
    "resolution": "registry.npmmirror.com/eslint-plugin-react-hooks/4.5.0",
    "wanted": {
      "dependentId": ".",
      "name": "eslint-plugin-react-hooks",
      "rawSpec": "^4.3.0"
    }
  },
  "169 debug pnpm:_dependency_resolved": {
    "resolution": "registry.npmmirror.com/eslint-plugin-unicorn/42.0.0",
    "wanted": {
      "dependentId": ".",
      "name": "eslint-plugin-unicorn",
      "rawSpec": "^42.0.0"
    }
  },
  "170 debug pnpm:_dependency_resolved": {
    "resolution": "registry.npmmirror.com/fs-extra/10.1.0",
    "wanted": {
      "dependentId": ".",
      "name": "fs-extra",
      "rawSpec": "^10.1.0"
    }
  },
  "171 debug pnpm:_dependency_resolved": {
    "resolution": "registry.npmmirror.com/gulp/4.0.2",
    "wanted": {
      "dependentId": ".",
      "name": "gulp",
      "rawSpec": "^4.0.2"
    }
  },
  "172 debug pnpm:_dependency_resolved": {
    "resolution": "registry.npmmirror.com/gulp-babel/8.0.0",
    "wanted": {
      "dependentId": ".",
      "name": "gulp-babel",
      "rawSpec": "^8.0.0"
    }
  },
  "173 debug pnpm:_dependency_resolved": {
    "resolution": "registry.npmmirror.com/gulp-less/5.0.0",
    "wanted": {
      "dependentId": ".",
      "name": "gulp-less",
      "rawSpec": "^5.0.0"
    }
  },
  "174 debug pnpm:_dependency_resolved": {
    "resolution": "registry.npmmirror.com/gulp-replace/1.1.3",
    "wanted": {
      "dependentId": ".",
      "name": "gulp-replace",
      "rawSpec": "^1.1.3"
    }
  },
  "175 debug pnpm:_dependency_resolved": {
    "resolution": "registry.npmmirror.com/gulp-typescript/6.0.0-alpha.1",
    "wanted": {
      "dependentId": ".",
      "name": "gulp-typescript",
      "rawSpec": "^6.0.0-alpha.1"
    }
  },
  "176 debug pnpm:_dependency_resolved": {
    "resolution": "registry.npmmirror.com/less/4.1.3",
    "wanted": {
      "dependentId": ".",
      "name": "less",
      "rawSpec": "^4.1.2"
    }
  },
  "177 debug pnpm:_dependency_resolved": {
    "resolution": "registry.npmmirror.com/less-loader/11.0.0",
    "wanted": {
      "dependentId": ".",
      "name": "less-loader",
      "rawSpec": "^11.0.0"
    }
  },
  "178 debug pnpm:_dependency_resolved": {
    "resolution": "registry.npmmirror.com/plop/3.1.0",
    "wanted": {
      "dependentId": ".",
      "name": "plop",
      "rawSpec": "^3.1.0"
    }
  },
  "179 debug pnpm:_dependency_resolved": {
    "resolution": "registry.npmmirror.com/postcss/8.4.14",
    "wanted": {
      "dependentId": ".",
      "name": "postcss",
      "rawSpec": "^8.4.14"
    }
  },
  "180 debug pnpm:_dependency_resolved": {
    "resolution": "registry.npmmirror.com/postcss-flexbugs-fixes/5.0.2",
    "wanted": {
      "dependentId": ".",
      "name": "postcss-flexbugs-fixes",
      "rawSpec": "^5.0.2"
    }
  },
  "181 debug pnpm:_dependency_resolved": {
    "resolution": "registry.npmmirror.com/prettier/2.6.2",
    "wanted": {
      "dependentId": ".",
      "name": "prettier",
      "rawSpec": "^2.6.2"
    }
  },
  "182 debug pnpm:_dependency_resolved": {
    "resolution": "registry.npmmirror.com/react/18.1.0",
    "wanted": {
      "dependentId": ".",
      "name": "react",
      "rawSpec": "^18.1.0"
    }
  },
  "183 debug pnpm:_dependency_resolved": {
    "resolution": "registry.npmmirror.com/react-dom/18.1.0",
    "wanted": {
      "dependentId": ".",
      "name": "react-dom",
      "rawSpec": "^18.1.0"
    }
  },
  "184 debug pnpm:_dependency_resolved": {
    "resolution": "registry.npmmirror.com/rollup/2.75.1",
    "wanted": {
      "dependentId": ".",
      "name": "rollup",
      "rawSpec": "^2.74.1"
    }
  },
  "185 debug pnpm:_dependency_resolved": {
    "resolution": "registry.npmmirror.com/rollup-plugin-typescript2/0.31.2",
    "wanted": {
      "dependentId": ".",
      "name": "rollup-plugin-typescript2",
      "rawSpec": "^0.31.2"
    }
  },
  "186 debug pnpm:_dependency_resolved": {
    "resolution": "registry.npmmirror.com/style-loader/3.3.1",
    "wanted": {
      "dependentId": ".",
      "name": "style-loader",
      "rawSpec": "^3.3.1"
    }
  },
  "187 debug pnpm:_dependency_resolved": {
    "resolution": "registry.npmmirror.com/stylelint/14.8.5",
    "wanted": {
      "dependentId": ".",
      "name": "stylelint",
      "rawSpec": "^14.8.5"
    }
  },
  "188 debug pnpm:_dependency_resolved": {
    "resolution": "registry.npmmirror.com/stylelint-config-prettier/9.0.3",
    "wanted": {
      "dependentId": ".",
      "name": "stylelint-config-prettier",
      "rawSpec": "^9.0.3"
    }
  },
  "189 debug pnpm:_dependency_resolved": {
    "resolution": "registry.npmmirror.com/stylelint-config-rational-order/0.1.2",
    "wanted": {
      "dependentId": ".",
      "name": "stylelint-config-rational-order",
      "rawSpec": "^0.1.2"
    }
  },
  "190 debug pnpm:_dependency_resolved": {
    "resolution": "registry.npmmirror.com/stylelint-config-standard/25.0.0",
    "wanted": {
      "dependentId": ".",
      "name": "stylelint-config-standard",
      "rawSpec": "^25.0.0"
    }
  },
  "191 debug pnpm:_dependency_resolved": {
    "resolution": "registry.npmmirror.com/through2/4.0.2",
    "wanted": {
      "dependentId": ".",
      "name": "through2",
      "rawSpec": "^4.0.2"
    }
  },
  "192 debug pnpm:_dependency_resolved": {
    "resolution": "registry.npmmirror.com/tsconfig-paths-webpack-plugin/3.5.2",
    "wanted": {
      "dependentId": ".",
      "name": "tsconfig-paths-webpack-plugin",
      "rawSpec": "^3.5.2"
    }
  },
  "193 debug pnpm:_dependency_resolved": {
    "resolution": "registry.npmmirror.com/tslib/2.4.0",
    "wanted": {
      "dependentId": ".",
      "name": "tslib",
      "rawSpec": "^2.4.0"
    }
  },
  "194 debug pnpm:_dependency_resolved": {
    "resolution": "registry.npmmirror.com/typescript/4.7.2",
    "wanted": {
      "dependentId": ".",
      "name": "typescript",
      "rawSpec": "^4.6.4"
    }
  },
  "195 debug pnpm:_dependency_resolved": {
    "resolution": "registry.npmmirror.com/yargs/17.5.1",
    "wanted": {
      "dependentId": ".",
      "name": "yargs",
      "rawSpec": "^17.5.1"
    }
  },
  "196 debug pnpm:_dependency_resolved": {
    "resolution": "registry.npmmirror.com/@ant-design/icons/4.7.0",
    "wanted": {
      "dependentId": ".",
      "name": "@ant-design/icons",
      "rawSpec": "^4.7.0"
    }
  },
  "197 debug pnpm:_dependency_resolved": {
    "resolution": "registry.npmmirror.com/@babel/runtime/7.18.3",
    "wanted": {
      "dependentId": ".",
      "name": "@babel/runtime",
      "rawSpec": "^7.18.0"
    }
  },
  "198 debug pnpm:_dependency_resolved": {
    "resolution": "registry.npmmirror.com/@babel/runtime-corejs3/7.18.3",
    "wanted": {
      "dependentId": ".",
      "name": "@babel/runtime-corejs3",
      "rawSpec": "^7.18.0"
    }
  },
  "199 debug pnpm:_dependency_resolved": {
    "resolution": "registry.npmmirror.com/chalk/4.1.2",
    "wanted": {
      "dependentId": ".",
      "name": "chalk",
      "rawSpec": "4"
    }
  },
  "200 debug pnpm:_dependency_resolved": {
    "resolution": "registry.npmmirror.com/child-process-promise/2.2.1",
    "wanted": {
      "dependentId": ".",
      "name": "child-process-promise",
      "rawSpec": "^2.2.1"
    }
  },
  "201 debug pnpm:_dependency_resolved": {
    "resolution": "registry.npmmirror.com/lodash/4.17.21",
    "wanted": {
      "dependentId": ".",
      "name": "lodash",
      "rawSpec": "^4.17.21"
    }
  },
  "202 debug pnpm:_dependency_resolved": {
    "resolution": "registry.npmmirror.com/rc-util/5.21.5",
    "wanted": {
      "dependentId": ".",
      "name": "rc-util",
      "rawSpec": "^5.21.4"
    }
  },
  "203 debug pnpm:_dependency_resolved": {
    "resolution": "registry.npmmirror.com/stylelint-declaration-block-no-ignored-properties/2.5.0",
    "wanted": {
      "dependentId": ".",
      "name": "stylelint-declaration-block-no-ignored-properties",
      "rawSpec": "^2.5.0"
    }
  },
  "204 debug pnpm:progress": {
    "packageId": "registry.npmmirror.com/@types/react-dom/18.0.5",
    "requester": "D:\\code\\my\\react\\study-antd-all",
    "status": "found_in_store"
  },
  "205 debug pnpm:progress": {
    "packageId": "registry.npmmirror.com/@types/react-dom/18.0.5",
    "requester": "D:\\code\\my\\react\\study-antd-all",
    "status": "resolved"
  },
  "206 debug pnpm:progress": {
    "packageId": "registry.npmmirror.com/classname/0.0.0",
    "requester": "D:\\code\\my\\react\\study-antd-all",
    "status": "found_in_store"
  },
  "207 debug pnpm:progress": {
    "packageId": "registry.npmmirror.com/classname/0.0.0",
    "requester": "D:\\code\\my\\react\\study-antd-all",
    "status": "resolved"
  },
  "208 debug pnpm:progress": {
    "packageId": "registry.npmmirror.com/react/18.1.0",
    "requester": "D:\\code\\my\\react\\study-antd-all",
    "status": "found_in_store"
  },
  "209 debug pnpm:progress": {
    "packageId": "registry.npmmirror.com/react/18.1.0",
    "requester": "D:\\code\\my\\react\\study-antd-all",
    "status": "resolved"
  },
  "210 debug pnpm:progress": {
    "packageId": "registry.npmmirror.com/tslib/2.4.0",
    "requester": "D:\\code\\my\\react\\study-antd-all",
    "status": "found_in_store"
  },
  "211 debug pnpm:progress": {
    "packageId": "registry.npmmirror.com/tslib/2.4.0",
    "requester": "D:\\code\\my\\react\\study-antd-all",
    "status": "resolved"
  },
  "212 debug pnpm:progress": {
    "packageId": "registry.npmmirror.com/@types/react/18.0.12",
    "requester": "D:\\code\\my\\react\\study-antd-all",
    "status": "found_in_store"
  },
  "213 debug pnpm:progress": {
    "packageId": "registry.npmmirror.com/@types/react/18.0.12",
    "requester": "D:\\code\\my\\react\\study-antd-all",
    "status": "resolved"
  },
  "214 debug pnpm:progress": {
    "packageId": "registry.npmmirror.com/rc-tooltip/5.1.1",
    "requester": "D:\\code\\my\\react\\study-antd-all",
    "status": "found_in_store"
  },
  "215 debug pnpm:progress": {
    "packageId": "registry.npmmirror.com/rc-tooltip/5.1.1",
    "requester": "D:\\code\\my\\react\\study-antd-all",
    "status": "resolved"
  },
  "216 debug pnpm:_dependency_resolved": {
    "resolution": "registry.npmmirror.com/tslib/2.4.0",
    "wanted": {
      "dependentId": "packages/breadcrumb",
      "name": "tslib",
      "rawSpec": "^2.4.0"
    }
  },
  "217 debug pnpm:_dependency_resolved": {
    "resolution": "registry.npmmirror.com/classname/0.0.0",
    "wanted": {
      "dependentId": "packages/breadcrumb",
      "name": "classname",
      "rawSpec": "^0.0.0"
    }
  },
  "218 debug pnpm:progress": {
    "packageId": "registry.npmmirror.com/rc-motion/2.6.0",
    "requester": "D:\\code\\my\\react\\study-antd-all",
    "status": "found_in_store"
  },
  "219 debug pnpm:progress": {
    "packageId": "registry.npmmirror.com/rc-motion/2.6.0",
    "requester": "D:\\code\\my\\react\\study-antd-all",
    "status": "resolved"
  },
  "220 debug pnpm:_dependency_resolved": {
    "resolution": "registry.npmmirror.com/eslint-config-ali/14.0.1",
    "wanted": {
      "dependentId": "packages/descriptions",
      "name": "eslint-config-ali",
      "rawSpec": "^14.0.0"
    }
  },
  "221 debug pnpm:progress": {
    "packageId": "registry.npmmirror.com/eslint-config-ali/14.0.1",
    "requester": "D:\\code\\my\\react\\study-antd-all",
    "status": "resolved"
  },
  "222 debug pnpm:_dependency_resolved": {
    "resolution": "link:../util",
    "wanted": {
      "dependentId": "packages/breadcrumb",
      "name": "@study/util",
      "rawSpec": "^1.0.0"
    }
  },
  "223 debug pnpm:_dependency_resolved": {
    "resolution": "link:../util",
    "wanted": {
      "dependentId": "packages/avatar",
      "name": "@study/util",
      "rawSpec": "^1.0.0"
    }
  },
  "224 debug pnpm:_dependency_resolved": {
    "resolution": "link:../util",
    "wanted": {
      "dependentId": "packages/button",
      "name": "@study/util",
      "rawSpec": "^1.0.0"
    }
  },
  "225 debug pnpm:_dependency_resolved": {
    "resolution": "link:../util",
    "wanted": {
      "dependentId": "packages/carousel",
      "name": "@study/util",
      "rawSpec": "^1.0.0"
    }
  },
  "226 debug pnpm:_dependency_resolved": {
    "resolution": "registry.npmmirror.com/eslint-import-resolver-typescript/2.7.1",
    "wanted": {
      "dependentId": "packages/descriptions",
      "name": "eslint-import-resolver-typescript",
      "rawSpec": "^2.7.1"
    }
  },
  "227 debug pnpm:progress": {
    "packageId": "registry.npmmirror.com/eslint-import-resolver-typescript/2.7.1",
    "requester": "D:\\code\\my\\react\\study-antd-all",
    "status": "resolved"
  },
  "228 debug pnpm:_dependency_resolved": {
    "resolution": "link:../style",
    "wanted": {
      "dependentId": "packages/breadcrumb",
      "name": "@study/style",
      "rawSpec": "^1.0.0"
    }
  },
  "229 debug pnpm:_dependency_resolved": {
    "resolution": "link:../style",
    "wanted": {
      "dependentId": "packages/avatar",
      "name": "@study/style",
      "rawSpec": "^1.0.0"
    }
  },
  "230 debug pnpm:_dependency_resolved": {
    "resolution": "link:../style",
    "wanted": {
      "dependentId": "packages/carousel",
      "name": "@study/style",
      "rawSpec": "^1.0.0"
    }
  },
  "231 error pnpm": {
    "err": {
      "name": "pnpm",
      "message": "Cannot convert undefined or null to object",
      "stack": "pnpm: Cannot convert undefined or null to object\n    at Function.entries (<anonymous>)\n    at mergePkgsDeps (D:\\software\\nvm\\v14.19.1\\node_modules\\pnpm\\dist\\pnpm.cjs:116171:44)\n    at resolveDependencies (D:\\software\\nvm\\v14.19.1\\node_modules\\pnpm\\dist\\pnpm.cjs:116144:33)\n    at async D:\\software\\nvm\\v14.19.1\\node_modules\\pnpm\\dist\\pnpm.cjs:116691:47\n    at async Promise.all (index 5)\n    at async default_1 (D:\\software\\nvm\\v14.19.1\\node_modules\\pnpm\\dist\\pnpm.cjs:116661:7)\n    at async default_1 (D:\\software\\nvm\\v14.19.1\\node_modules\\pnpm\\dist\\pnpm.cjs:117814:133)\n    at async _installInContext (D:\\software\\nvm\\v14.19.1\\node_modules\\pnpm\\dist\\pnpm.cjs:120367:238)\n    at async installInContext (D:\\software\\nvm\\v14.19.1\\node_modules\\pnpm\\dist\\pnpm.cjs:120631:16)\n    at async _install (D:\\software\\nvm\\v14.19.1\\node_modules\\pnpm\\dist\\pnpm.cjs:120232:25)"
    }
  },
  "232 debug pnpm:_dependency_resolved": {
    "resolution": "link:../style",
    "wanted": {
      "dependentId": "packages/button",
      "name": "@study/style",
      "rawSpec": "^1.0.0"
    }
  },
  "233 debug pnpm:_dependency_resolved": {
    "resolution": "registry.npmmirror.com/classname/0.0.0",
    "wanted": {
      "dependentId": "packages/descriptions",
      "name": "classname",
      "rawSpec": "^0.0.0"
    }
  },
  "234 debug pnpm:_dependency_resolved": {
    "resolution": "registry.npmmirror.com/tslib/2.4.0",
    "wanted": {
      "dependentId": "packages/descriptions",
      "name": "tslib",
      "rawSpec": "^2.4.0"
    }
  }
}